<?xml version="1.0" encoding="UTF-8"?>
<!-- Generated by org.testng.reporters.JUnitReportReporter -->
<testsuite skipped="0" hostname="LAPTOP-U3C8G3RJ" name="com.crm.autodesk.leadtest.ConvertLeadBySelectingTC26ganisationAndContact" tests="1" failures="0" timestamp="2021-03-10T22:10:08 IST" time="34.799" errors="0">
  <testcase name="ConvertLeadToOrganization" time="34.799" classname="com.crm.autodesk.leadtest.ConvertLeadBySelectingTC26ganisationAndContact"/>
  <system-out/>
</testsuite> <!-- com.crm.autodesk.leadtest.ConvertLeadBySelectingTC26ganisationAndContact -->
