<?xml version="1.0" encoding="UTF-8"?>
<!-- Generated by org.testng.reporters.JUnitReportReporter -->
<testsuite skipped="0" hostname="LAPTOP-U3C8G3RJ" name="com.crm.autodesk.leadtest.ConvertLeadBySelectingTC28OpertunityAndOrganizationNotFillTest" tests="1" failures="0" timestamp="2021-03-12T13:41:32 IST" time="28.261" errors="0">
  <testcase name="ConvertLeadToOpertunitiesNOtFillMaindatory" time="28.261" classname="com.crm.autodesk.leadtest.ConvertLeadBySelectingTC28OpertunityAndOrganizationNotFillTest"/>
  <system-out/>
</testsuite> <!-- com.crm.autodesk.leadtest.ConvertLeadBySelectingTC28OpertunityAndOrganizationNotFillTest -->
