<?xml version="1.0" encoding="UTF-8"?>
<!-- Generated by org.testng.reporters.JUnitReportReporter -->
<testsuite skipped="0" hostname="LAPTOP-U3C8G3RJ" name="com.crm.autodesk.leadtest.ConvertLeadBySelectingOnlyContactTC25Chekboxs" tests="1" failures="0" timestamp="2021-03-10T22:52:38 IST" time="32.170" errors="0">
  <testcase name="ConvertLeadToContacts" time="32.170" classname="com.crm.autodesk.leadtest.ConvertLeadBySelectingOnlyContactTC25Chekboxs"/>
  <system-out/>
</testsuite> <!-- com.crm.autodesk.leadtest.ConvertLeadBySelectingOnlyContactTC25Chekboxs -->
