<?xml version="1.0" encoding="UTF-8"?>
<!-- Generated by org.testng.reporters.JUnitReportReporter -->
<testsuite skipped="0" hostname="LAPTOP-U3C8G3RJ" name="com.crm.autodesk.leadtest.ConvertLeadBySelectingTC26ganisationAndContactTest" tests="1" failures="0" timestamp="2021-03-12T15:01:34 IST" time="32.706" errors="0">
  <testcase name="ConvertLeadToOrganization" time="32.706" classname="com.crm.autodesk.leadtest.ConvertLeadBySelectingTC26ganisationAndContactTest"/>
  <system-out/>
</testsuite> <!-- com.crm.autodesk.leadtest.ConvertLeadBySelectingTC26ganisationAndContactTest -->
