<?xml version="1.0" encoding="UTF-8"?>
<!-- Generated by org.testng.reporters.JUnitReportReporter -->
<testsuite skipped="0" hostname="LAPTOP-U3C8G3RJ" name="com.crm.autodesk.leadtest.LeadBatchExecution" tests="1" failures="0" timestamp="2021-03-11T10:29:09 IST" time="20.115" errors="0">
  <testcase name="ConvertLeadToOpertunities" time="20.115" classname="com.crm.autodesk.leadtest.LeadBatchExecution"/>
  <system-out/>
</testsuite> <!-- com.crm.autodesk.leadtest.LeadBatchExecution -->
