<?xml version="1.0" encoding="UTF-8"?>
<!-- Generated by org.testng.reporters.JUnitReportReporter -->
<testsuite skipped="0" hostname="LAPTOP-U3C8G3RJ" name="com.crm.autodesk.leadtest.ConvertLeadBySelectingTC27OpertunityAndContactNotFillTest" tests="1" failures="0" timestamp="2021-03-11T21:04:42 IST" time="53.497" errors="0">
  <testcase name="ConvertLeadToOpertunitiesByNOtFill" time="53.497" classname="com.crm.autodesk.leadtest.ConvertLeadBySelectingTC27OpertunityAndContactNotFillTest"/>
  <system-out/>
</testsuite> <!-- com.crm.autodesk.leadtest.ConvertLeadBySelectingTC27OpertunityAndContactNotFillTest -->
