<?xml version="1.0" encoding="UTF-8"?>
<!-- Generated by org.testng.reporters.JUnitReportReporter -->
<testsuite skipped="0" hostname="LAPTOP-U3C8G3RJ" name="com.crm.autodesk.leadtest.ConvertLeadBySelectingOnlyContactTC25ChekboxsTest" tests="1" failures="0" timestamp="2021-03-16T22:59:07 IST" time="84.221" errors="0">
  <testcase name="ConvertLeadToContacts" time="84.221" classname="com.crm.autodesk.leadtest.ConvertLeadBySelectingOnlyContactTC25ChekboxsTest"/>
  <system-out/>
</testsuite> <!-- com.crm.autodesk.leadtest.ConvertLeadBySelectingOnlyContactTC25ChekboxsTest -->
