<?xml version="1.0" encoding="UTF-8"?>
<!-- Generated by org.testng.reporters.JUnitReportReporter -->
<testsuite skipped="0" hostname="LAPTOP-U3C8G3RJ" name="com.crm.autodesk.leadtest.ConvertLeadBySelectingTC28OpertunityAndOrganizationNotFill" tests="1" failures="0" timestamp="2021-03-10T22:10:08 IST" time="60.666" errors="0">
  <testcase name="ConvertLeadToOpertunitiesNOtFillMaindatory" time="60.666" classname="com.crm.autodesk.leadtest.ConvertLeadBySelectingTC28OpertunityAndOrganizationNotFill"/>
  <system-out/>
</testsuite> <!-- com.crm.autodesk.leadtest.ConvertLeadBySelectingTC28OpertunityAndOrganizationNotFill -->
