<?xml version="1.0" encoding="UTF-8"?>
<!-- Generated by org.testng.reporters.JUnitReportReporter -->
<testsuite skipped="3" hostname="LAPTOP-U3C8G3RJ" name="com.crm.autodesk.leadtest.ConvertLeadBySelectingTC29OpertunityAllChecks" tests="4" failures="0" timestamp="2021-03-11T10:19:14 IST" time="42.660" errors="1">
  <testcase name="ConvertLeadToOpertunitiesAllChecks" time="10.021" classname="com.crm.autodesk.leadtest.ConvertLeadBySelectingTC29OpertunityAllChecks">
    <skipped/>
  </testcase> <!-- ConvertLeadToOpertunitiesAllChecks -->
  <system-out/>
  <testcase name="ConvertLeadToOpertunitiesAllChecks" time="10.227" classname="com.crm.autodesk.leadtest.ConvertLeadBySelectingTC29OpertunityAllChecks">
    <error type="java.lang.NullPointerException">
      <![CDATA[java.lang.NullPointerException
at com.crm.comcast.genericlib.ExcelUtility.getExcelData(ExcelUtility.java:40)
at com.crm.autodesk.leadtest.ConvertLeadBySelectingTC29OpertunityAllChecks.ConvertLeadToOpertunitiesAllChecks(ConvertLeadBySelectingTC29OpertunityAllChecks.java:22)
at sun.reflect.NativeMethodAccessorImpl.invoke0(Native Method)
at sun.reflect.NativeMethodAccessorImpl.invoke(NativeMethodAccessorImpl.java:62)
at sun.reflect.DelegatingMethodAccessorImpl.invoke(DelegatingMethodAccessorImpl.java:43)
at java.lang.reflect.Method.invoke(Method.java:498)
at org.testng.internal.MethodInvocationHelper.invokeMethod(MethodInvocationHelper.java:132)
at org.testng.internal.TestInvoker.invokeMethod(TestInvoker.java:599)
at org.testng.internal.TestInvoker.retryFailed(TestInvoker.java:214)
at org.testng.internal.MethodRunner.runInSequence(MethodRunner.java:58)
at org.testng.internal.TestInvoker$MethodInvocationAgent.invoke(TestInvoker.java:822)
at org.testng.internal.TestInvoker.invokeTestMethods(TestInvoker.java:147)
at org.testng.internal.TestMethodWorker.invokeTestMethods(TestMethodWorker.java:146)
at org.testng.internal.TestMethodWorker.run(TestMethodWorker.java:128)
at java.util.ArrayList.forEach(ArrayList.java:1257)
at org.testng.TestRunner.privateRun(TestRunner.java:764)
at org.testng.TestRunner.run(TestRunner.java:585)
at org.testng.SuiteRunner.runTest(SuiteRunner.java:384)
at org.testng.SuiteRunner.runSequentially(SuiteRunner.java:378)
at org.testng.SuiteRunner.privateRun(SuiteRunner.java:337)
at org.testng.SuiteRunner.run(SuiteRunner.java:286)
at org.testng.SuiteRunnerWorker.runSuite(SuiteRunnerWorker.java:53)
at org.testng.SuiteRunnerWorker.run(SuiteRunnerWorker.java:96)
at org.testng.TestNG.runSuitesSequentially(TestNG.java:1218)
at org.testng.TestNG.runSuitesLocally(TestNG.java:1140)
at org.testng.TestNG.runSuites(TestNG.java:1069)
at org.testng.TestNG.run(TestNG.java:1037)
at org.testng.remote.AbstractRemoteTestNG.run(AbstractRemoteTestNG.java:115)
at org.testng.remote.RemoteTestNG.initAndRun(RemoteTestNG.java:251)
at org.testng.remote.RemoteTestNG.main(RemoteTestNG.java:77)
]]>
    </error>
  </testcase> <!-- ConvertLeadToOpertunitiesAllChecks -->
  <system-out/>
  <testcase name="ConvertLeadToOpertunitiesAllChecks" time="10.701" classname="com.crm.autodesk.leadtest.ConvertLeadBySelectingTC29OpertunityAllChecks">
    <skipped/>
  </testcase> <!-- ConvertLeadToOpertunitiesAllChecks -->
  <system-out/>
  <testcase name="ConvertLeadToOpertunitiesAllChecks" time="11.711" classname="com.crm.autodesk.leadtest.ConvertLeadBySelectingTC29OpertunityAllChecks">
    <skipped/>
  </testcase> <!-- ConvertLeadToOpertunitiesAllChecks -->
  <system-out/>
</testsuite> <!-- com.crm.autodesk.leadtest.ConvertLeadBySelectingTC29OpertunityAllChecks -->
