<?xml version="1.0" encoding="UTF-8"?>
<!-- Generated by org.testng.reporters.JUnitReportReporter -->
<testsuite skipped="0" hostname="Ty-Deepak-Tr" name="com.crm.autodesk.organizationtest.CreateOrganization" tests="1" failures="0" timestamp="2021-03-05T17:11:37 IST" time="9.097" errors="0">
  <testcase name="createOrgtest" time="9.097" classname="com.crm.autodesk.organizationtest.CreateOrganization"/>
  <system-out/>
</testsuite> <!-- com.crm.autodesk.organizationtest.CreateOrganization -->
