<?xml version="1.0" encoding="UTF-8"?>
<!-- Generated by org.testng.reporters.JUnitReportReporter -->
<testsuite skipped="0" hostname="LAPTOP-U3C8G3RJ" name="com.crm.autodesk.contacttest.DeleteContact" tests="1" failures="0" timestamp="2021-03-09T12:06:01 IST" time="36.919" errors="0">
  <testcase name="cretecontact" time="36.919" classname="com.crm.autodesk.contacttest.DeleteContact"/>
  <system-out/>
</testsuite> <!-- com.crm.autodesk.contacttest.DeleteContact -->
