<?xml version="1.0" encoding="UTF-8"?>
<!-- Generated by org.testng.reporters.JUnitReportReporter -->
<testsuite skipped="0" hostname="LAPTOP-U3C8G3RJ" name="com.crm.autodesk.contacttest.CreateContactTest" tests="2" failures="0" timestamp="2021-03-11T21:42:07 IST" time="38.305" errors="0">
  <testcase name="cretecontact" time="14.106" classname="com.crm.autodesk.contacttest.CreateContactTest"/>
  <system-out/>
  <testcase name="cretecontactwithORg" time="24.199" classname="com.crm.autodesk.contacttest.CreateContactTest"/>
  <system-out/>
</testsuite> <!-- com.crm.autodesk.contacttest.CreateContactTest -->
