<?xml version="1.0" encoding="UTF-8"?>
<!-- Generated by org.testng.reporters.JUnitReportReporter -->
<testsuite skipped="0" hostname="LAPTOP-U3C8G3RJ" name="com.crm.autodesk.leadtest.ConvertLeadToOpertunitiesTC24Test" tests="1" failures="0" timestamp="2021-03-10T22:23:43 IST" time="29.448" errors="0">
  <testcase name="ConvertLeadToOpertunities" time="29.448" classname="com.crm.autodesk.leadtest.ConvertLeadToOpertunitiesTC24Test"/>
  <system-out/>
</testsuite> <!-- com.crm.autodesk.leadtest.ConvertLeadToOpertunitiesTC24Test -->
